[0m17:21:53.244213 [debug] [MainThread]: Sending event: {'category': 'dbt', 'action': 'invocation', 'label': 'start', 'context': [<snowplow_tracker.self_describing_json.SelfDescribingJson object at 0x000001F4301BC4C0>, <snowplow_tracker.self_describing_json.SelfDescribingJson object at 0x000001F432170970>, <snowplow_tracker.self_describing_json.SelfDescribingJson object at 0x000001F4321703D0>]}


============================== 17:21:53.247212 | 1fea86b9-3c46-4ef6-8d55-9024cd243217 ==============================
[0m17:21:53.247212 [info ] [MainThread]: Running with dbt=1.5.2
[0m17:21:53.247212 [debug] [MainThread]: running dbt with arguments {'printer_width': '80', 'indirect_selection': 'eager', 'write_json': 'True', 'log_cache_events': 'False', 'partial_parse': 'True', 'cache_selected_only': 'False', 'warn_error': 'None', 'version_check': 'True', 'profiles_dir': 'C:\\Users\\giova\\.dbt', 'log_path': 'logs', 'debug': 'False', 'fail_fast': 'False', 'use_colors': 'True', 'use_experimental_parser': 'False', 'no_print': 'None', 'quiet': 'False', 'log_format': 'default', 'introspect': 'True', 'static_parser': 'True', 'warn_error_options': 'WarnErrorOptions(include=[], exclude=[])', 'target_path': 'None', 'send_anonymous_usage_stats': 'True'}
[0m17:22:06.111212 [debug] [MainThread]: Starter project path: c:\users\giova\dbt_cert\venv\lib\site-packages\dbt\include\starter_project
[0m17:26:15.214212 [info ] [MainThread]: Profile study_cert written to C:\Users\giova\.dbt\profiles.yml using target's profile_template.yml and your supplied values. Run 'dbt debug' to validate the connection.
[0m17:26:15.215212 [info ] [MainThread]: 
Your new dbt project "study_cert" was created!

For more information on how to configure the profiles.yml file,
please consult the dbt documentation here:

  https://docs.getdbt.com/docs/configure-your-profile

One more thing:

Need help? Don't hesitate to reach out to us via GitHub issues or on Slack:

  https://community.getdbt.com/

Happy modeling!

[0m17:26:15.216213 [debug] [MainThread]: Command `dbt init` succeeded at 17:26:15.216213 after 262.03 seconds
[0m17:26:15.216213 [debug] [MainThread]: Sending event: {'category': 'dbt', 'action': 'invocation', 'label': 'end', 'context': [<snowplow_tracker.self_describing_json.SelfDescribingJson object at 0x000001F4301BC4C0>, <snowplow_tracker.self_describing_json.SelfDescribingJson object at 0x000001F4321709A0>, <snowplow_tracker.self_describing_json.SelfDescribingJson object at 0x000001F432A55FD0>]}
[0m17:26:15.216213 [debug] [MainThread]: Flushing usage events
[0m17:26:28.392212 [debug] [MainThread]: Sending event: {'category': 'dbt', 'action': 'invocation', 'label': 'start', 'context': [<snowplow_tracker.self_describing_json.SelfDescribingJson object at 0x000002383F4C94F0>, <snowplow_tracker.self_describing_json.SelfDescribingJson object at 0x0000023841450970>, <snowplow_tracker.self_describing_json.SelfDescribingJson object at 0x0000023841450250>]}


============================== 17:26:28.395212 | 99b27b6a-1f50-4351-83ec-d716352aac1a ==============================
[0m17:26:28.395212 [info ] [MainThread]: Running with dbt=1.5.2
[0m17:26:28.395212 [debug] [MainThread]: running dbt with arguments {'printer_width': '80', 'indirect_selection': 'eager', 'write_json': 'True', 'log_cache_events': 'False', 'partial_parse': 'True', 'cache_selected_only': 'False', 'warn_error': 'None', 'fail_fast': 'False', 'profiles_dir': 'C:\\Users\\giova\\.dbt', 'log_path': 'logs', 'version_check': 'True', 'debug': 'False', 'use_colors': 'True', 'use_experimental_parser': 'False', 'no_print': 'None', 'quiet': 'False', 'warn_error_options': 'WarnErrorOptions(include=[], exclude=[])', 'static_parser': 'True', 'log_format': 'default', 'introspect': 'True', 'target_path': 'None', 'send_anonymous_usage_stats': 'True'}
[0m17:26:28.396213 [info ] [MainThread]: dbt version: 1.5.2
[0m17:26:28.396213 [info ] [MainThread]: python version: 3.8.0
[0m17:26:28.397216 [info ] [MainThread]: python path: c:\users\giova\dbt_cert\venv\scripts\python.exe
[0m17:26:28.397216 [info ] [MainThread]: os info: Windows-10-10.0.19041-SP0
[0m17:26:28.398214 [info ] [MainThread]: Using profiles.yml file at C:\Users\giova\.dbt\profiles.yml
[0m17:26:28.398214 [info ] [MainThread]: Using dbt_project.yml file at C:\Users\giova\dbt_cert\dbt_project.yml
[0m17:26:28.399213 [info ] [MainThread]: Configuration:
[0m17:26:28.625212 [info ] [MainThread]:   profiles.yml file [[32mOK found and valid[0m]
[0m17:26:28.626214 [info ] [MainThread]:   dbt_project.yml file [[31mERROR not found[0m]
[0m17:26:28.627212 [info ] [MainThread]: Required dependencies:
[0m17:26:28.627212 [debug] [MainThread]: Executing "git --help"
[0m17:26:28.671215 [debug] [MainThread]: STDOUT: "b"usage: git [-v | --version] [-h | --help] [-C <path>] [-c <name>=<value>]\n           [--exec-path[=<path>]] [--html-path] [--man-path] [--info-path]\n           [-p | --paginate | -P | --no-pager] [--no-replace-objects] [--bare]\n           [--git-dir=<path>] [--work-tree=<path>] [--namespace=<name>]\n           [--super-prefix=<path>] [--config-env=<name>=<envvar>]\n           <command> [<args>]\n\nThese are common Git commands used in various situations:\n\nstart a working area (see also: git help tutorial)\n   clone     Clone a repository into a new directory\n   init      Create an empty Git repository or reinitialize an existing one\n\nwork on the current change (see also: git help everyday)\n   add       Add file contents to the index\n   mv        Move or rename a file, a directory, or a symlink\n   restore   Restore working tree files\n   rm        Remove files from the working tree and from the index\n\nexamine the history and state (see also: git help revisions)\n   bisect    Use binary search to find the commit that introduced a bug\n   diff      Show changes between commits, commit and working tree, etc\n   grep      Print lines matching a pattern\n   log       Show commit logs\n   show      Show various types of objects\n   status    Show the working tree status\n\ngrow, mark and tweak your common history\n   branch    List, create, or delete branches\n   commit    Record changes to the repository\n   merge     Join two or more development histories together\n   rebase    Reapply commits on top of another base tip\n   reset     Reset current HEAD to the specified state\n   switch    Switch branches\n   tag       Create, list, delete or verify a tag object signed with GPG\n\ncollaborate (see also: git help workflows)\n   fetch     Download objects and refs from another repository\n   pull      Fetch from and integrate with another repository or a local branch\n   push      Update remote refs along with associated objects\n\n'git help -a' and 'git help -g' list available subcommands and some\nconcept guides. See 'git help <command>' or 'git help <concept>'\nto read about a specific subcommand or concept.\nSee 'git help git' for an overview of the system.\n""
[0m17:26:28.672213 [debug] [MainThread]: STDERR: "b''"
[0m17:26:28.672213 [info ] [MainThread]:  - git [[32mOK found[0m]

[0m17:26:28.673213 [info ] [MainThread]: [31m1 check failed:[0m
[0m17:26:28.673213 [info ] [MainThread]: Could not load dbt_project.yml

[0m17:26:28.674213 [debug] [MainThread]: Command `dbt debug` failed at 17:26:28.674213 after 0.29 seconds
[0m17:26:28.674213 [debug] [MainThread]: Sending event: {'category': 'dbt', 'action': 'invocation', 'label': 'end', 'context': [<snowplow_tracker.self_describing_json.SelfDescribingJson object at 0x000002383F4C94F0>, <snowplow_tracker.self_describing_json.SelfDescribingJson object at 0x0000023841D4B850>, <snowplow_tracker.self_describing_json.SelfDescribingJson object at 0x000002384149FD00>]}
[0m17:26:28.675214 [debug] [MainThread]: Flushing usage events
[0m11:27:39.688045 [debug] [MainThread]: Sending event: {'category': 'dbt', 'action': 'invocation', 'label': 'start', 'context': [<snowplow_tracker.self_describing_json.SelfDescribingJson object at 0x00000137FB52E460>, <snowplow_tracker.self_describing_json.SelfDescribingJson object at 0x00000137FD4B0AF0>, <snowplow_tracker.self_describing_json.SelfDescribingJson object at 0x00000137FD4B02B0>]}


============================== 11:27:39.693045 | 18ec013c-8ff8-4899-998a-c5294393a3b3 ==============================
[0m11:27:39.693045 [info ] [MainThread]: Running with dbt=1.5.2
[0m11:27:39.693045 [debug] [MainThread]: running dbt with arguments {'printer_width': '80', 'indirect_selection': 'eager', 'log_cache_events': 'False', 'write_json': 'True', 'partial_parse': 'True', 'cache_selected_only': 'False', 'profiles_dir': 'C:\\Users\\giova\\.dbt', 'fail_fast': 'False', 'version_check': 'True', 'log_path': 'logs', 'debug': 'False', 'warn_error': 'None', 'use_colors': 'True', 'use_experimental_parser': 'False', 'no_print': 'None', 'quiet': 'False', 'log_format': 'default', 'introspect': 'True', 'static_parser': 'True', 'warn_error_options': 'WarnErrorOptions(include=[], exclude=[])', 'target_path': 'None', 'send_anonymous_usage_stats': 'True'}
[0m11:27:39.694046 [error] [MainThread]: Encountered an error:
Runtime Error
  No dbt_project.yml found at expected path C:\Users\giova\dbt_cert\dbt_project.yml
  Verify that each entry within packages.yml (and their transitive dependencies) contains a file named dbt_project.yml
  
[0m11:27:39.695045 [debug] [MainThread]: Command `dbt run` failed at 11:27:39.694046 after 0.07 seconds
[0m11:27:39.695045 [debug] [MainThread]: Sending event: {'category': 'dbt', 'action': 'invocation', 'label': 'end', 'context': [<snowplow_tracker.self_describing_json.SelfDescribingJson object at 0x00000137FB52E460>, <snowplow_tracker.self_describing_json.SelfDescribingJson object at 0x00000137FD4FAD30>, <snowplow_tracker.self_describing_json.SelfDescribingJson object at 0x00000137FD4FADC0>]}
[0m11:27:39.695045 [debug] [MainThread]: Flushing usage events
